Started GET "/" for 127.0.0.1 at 2018-05-06 00:06:24 +0800
Processing by Rails::WelcomeController#index as HTML
  Parameters: {"internal"=>true}
  Rendering /Users/Sunny/.rbenv/versions/2.3.3/lib/ruby/gems/2.3.0/gems/railties-5.0.7/lib/rails/templates/rails/welcome/index.html.erb
  Rendered /Users/Sunny/.rbenv/versions/2.3.3/lib/ruby/gems/2.3.0/gems/railties-5.0.7/lib/rails/templates/rails/welcome/index.html.erb (5.9ms)
Completed 200 OK in 36ms (Views: 17.8ms | ActiveRecord: 0.0ms)


Started GET "/" for 127.0.0.1 at 2018-05-06 00:06:33 +0800
Processing by Rails::WelcomeController#index as HTML
  Parameters: {"internal"=>true}
  Rendering /Users/Sunny/.rbenv/versions/2.3.3/lib/ruby/gems/2.3.0/gems/railties-5.0.7/lib/rails/templates/rails/welcome/index.html.erb
  Rendered /Users/Sunny/.rbenv/versions/2.3.3/lib/ruby/gems/2.3.0/gems/railties-5.0.7/lib/rails/templates/rails/welcome/index.html.erb (6.9ms)
Completed 200 OK in 25ms (Views: 14.5ms | ActiveRecord: 0.0ms)


Started GET "/" for 127.0.0.1 at 2018-05-06 01:34:05 +0800
Processing by Rails::WelcomeController#index as HTML
  Parameters: {"internal"=>true}
  Rendering /Users/Sunny/.rbenv/versions/2.3.3/lib/ruby/gems/2.3.0/gems/railties-5.0.7/lib/rails/templates/rails/welcome/index.html.erb
  Rendered /Users/Sunny/.rbenv/versions/2.3.3/lib/ruby/gems/2.3.0/gems/railties-5.0.7/lib/rails/templates/rails/welcome/index.html.erb (6.0ms)
Completed 200 OK in 34ms (Views: 16.7ms | ActiveRecord: 0.0ms)


Started GET "/index" for 127.0.0.1 at 2018-05-06 01:34:10 +0800
  
ActionController::RoutingError (No route matches [GET] "/index"):
  
actionpack (5.0.7) lib/action_dispatch/middleware/debug_exceptions.rb:53:in `call'
web-console (3.6.2) lib/web_console/middleware.rb:135:in `call_app'
web-console (3.6.2) lib/web_console/middleware.rb:30:in `block in call'
web-console (3.6.2) lib/web_console/middleware.rb:20:in `catch'
web-console (3.6.2) lib/web_console/middleware.rb:20:in `call'
actionpack (5.0.7) lib/action_dispatch/middleware/show_exceptions.rb:31:in `call'
railties (5.0.7) lib/rails/rack/logger.rb:36:in `call_app'
railties (5.0.7) lib/rails/rack/logger.rb:24:in `block in call'
activesupport (5.0.7) lib/active_support/tagged_logging.rb:69:in `block in tagged'
activesupport (5.0.7) lib/active_support/tagged_logging.rb:26:in `tagged'
activesupport (5.0.7) lib/active_support/tagged_logging.rb:69:in `tagged'
railties (5.0.7) lib/rails/rack/logger.rb:24:in `call'
sprockets-rails (3.2.1) lib/sprockets/rails/quiet_assets.rb:13:in `call'
actionpack (5.0.7) lib/action_dispatch/middleware/request_id.rb:24:in `call'
rack (2.0.5) lib/rack/method_override.rb:22:in `call'
rack (2.0.5) lib/rack/runtime.rb:22:in `call'
activesupport (5.0.7) lib/active_support/cache/strategy/local_cache_middleware.rb:28:in `call'
actionpack (5.0.7) lib/action_dispatch/middleware/executor.rb:12:in `call'
actionpack (5.0.7) lib/action_dispatch/middleware/static.rb:136:in `call'
rack (2.0.5) lib/rack/sendfile.rb:111:in `call'
railties (5.0.7) lib/rails/engine.rb:522:in `call'
puma (3.11.4) lib/puma/configuration.rb:225:in `call'
puma (3.11.4) lib/puma/server.rb:632:in `handle_request'
puma (3.11.4) lib/puma/server.rb:446:in `process_client'
puma (3.11.4) lib/puma/server.rb:306:in `block in run'
puma (3.11.4) lib/puma/thread_pool.rb:120:in `block in spawn_thread'
  Rendering /Users/Sunny/.rbenv/versions/2.3.3/lib/ruby/gems/2.3.0/gems/actionpack-5.0.7/lib/action_dispatch/middleware/templates/rescues/routing_error.html.erb within rescues/layout
  Rendering /Users/Sunny/.rbenv/versions/2.3.3/lib/ruby/gems/2.3.0/gems/actionpack-5.0.7/lib/action_dispatch/middleware/templates/rescues/_trace.html.erb
  Rendered /Users/Sunny/.rbenv/versions/2.3.3/lib/ruby/gems/2.3.0/gems/actionpack-5.0.7/lib/action_dispatch/middleware/templates/rescues/_trace.html.erb (1.7ms)
  Rendered collection of /Users/Sunny/.rbenv/versions/2.3.3/lib/ruby/gems/2.3.0/gems/actionpack-5.0.7/lib/action_dispatch/middleware/templates/routes/_route.html.erb [1 times] (19.8ms)
  Rendered /Users/Sunny/.rbenv/versions/2.3.3/lib/ruby/gems/2.3.0/gems/actionpack-5.0.7/lib/action_dispatch/middleware/templates/routes/_table.html.erb (18.5ms)
  Rendering /Users/Sunny/.rbenv/versions/2.3.3/lib/ruby/gems/2.3.0/gems/actionpack-5.0.7/lib/action_dispatch/middleware/templates/rescues/_request_and_response.html.erb
  Rendered /Users/Sunny/.rbenv/versions/2.3.3/lib/ruby/gems/2.3.0/gems/actionpack-5.0.7/lib/action_dispatch/middleware/templates/rescues/_request_and_response.html.erb (1.3ms)
  Rendered /Users/Sunny/.rbenv/versions/2.3.3/lib/ruby/gems/2.3.0/gems/actionpack-5.0.7/lib/action_dispatch/middleware/templates/rescues/routing_error.html.erb within rescues/layout (239.5ms)
Started GET "/index.html" for 127.0.0.1 at 2018-05-06 01:34:19 +0800
  
ActionController::RoutingError (No route matches [GET] "/index.html"):
  
actionpack (5.0.7) lib/action_dispatch/middleware/debug_exceptions.rb:53:in `call'
web-console (3.6.2) lib/web_console/middleware.rb:135:in `call_app'
web-console (3.6.2) lib/web_console/middleware.rb:30:in `block in call'
web-console (3.6.2) lib/web_console/middleware.rb:20:in `catch'
web-console (3.6.2) lib/web_console/middleware.rb:20:in `call'
actionpack (5.0.7) lib/action_dispatch/middleware/show_exceptions.rb:31:in `call'
railties (5.0.7) lib/rails/rack/logger.rb:36:in `call_app'
railties (5.0.7) lib/rails/rack/logger.rb:24:in `block in call'
activesupport (5.0.7) lib/active_support/tagged_logging.rb:69:in `block in tagged'
activesupport (5.0.7) lib/active_support/tagged_logging.rb:26:in `tagged'
activesupport (5.0.7) lib/active_support/tagged_logging.rb:69:in `tagged'
railties (5.0.7) lib/rails/rack/logger.rb:24:in `call'
sprockets-rails (3.2.1) lib/sprockets/rails/quiet_assets.rb:13:in `call'
actionpack (5.0.7) lib/action_dispatch/middleware/request_id.rb:24:in `call'
rack (2.0.5) lib/rack/method_override.rb:22:in `call'
rack (2.0.5) lib/rack/runtime.rb:22:in `call'
activesupport (5.0.7) lib/active_support/cache/strategy/local_cache_middleware.rb:28:in `call'
actionpack (5.0.7) lib/action_dispatch/middleware/executor.rb:12:in `call'
actionpack (5.0.7) lib/action_dispatch/middleware/static.rb:136:in `call'
rack (2.0.5) lib/rack/sendfile.rb:111:in `call'
railties (5.0.7) lib/rails/engine.rb:522:in `call'
puma (3.11.4) lib/puma/configuration.rb:225:in `call'
puma (3.11.4) lib/puma/server.rb:632:in `handle_request'
puma (3.11.4) lib/puma/server.rb:446:in `process_client'
puma (3.11.4) lib/puma/server.rb:306:in `block in run'
puma (3.11.4) lib/puma/thread_pool.rb:120:in `block in spawn_thread'
  Rendering /Users/Sunny/.rbenv/versions/2.3.3/lib/ruby/gems/2.3.0/gems/actionpack-5.0.7/lib/action_dispatch/middleware/templates/rescues/routing_error.html.erb within rescues/layout
  Rendering /Users/Sunny/.rbenv/versions/2.3.3/lib/ruby/gems/2.3.0/gems/actionpack-5.0.7/lib/action_dispatch/middleware/templates/rescues/_trace.html.erb
  Rendered /Users/Sunny/.rbenv/versions/2.3.3/lib/ruby/gems/2.3.0/gems/actionpack-5.0.7/lib/action_dispatch/middleware/templates/rescues/_trace.html.erb (2.7ms)
  Rendered collection of /Users/Sunny/.rbenv/versions/2.3.3/lib/ruby/gems/2.3.0/gems/actionpack-5.0.7/lib/action_dispatch/middleware/templates/routes/_route.html.erb [1 times] (1.6ms)
  Rendered /Users/Sunny/.rbenv/versions/2.3.3/lib/ruby/gems/2.3.0/gems/actionpack-5.0.7/lib/action_dispatch/middleware/templates/routes/_table.html.erb (1.9ms)
  Rendering /Users/Sunny/.rbenv/versions/2.3.3/lib/ruby/gems/2.3.0/gems/actionpack-5.0.7/lib/action_dispatch/middleware/templates/rescues/_request_and_response.html.erb
  Rendered /Users/Sunny/.rbenv/versions/2.3.3/lib/ruby/gems/2.3.0/gems/actionpack-5.0.7/lib/action_dispatch/middleware/templates/rescues/_request_and_response.html.erb (1.3ms)
  Rendered /Users/Sunny/.rbenv/versions/2.3.3/lib/ruby/gems/2.3.0/gems/actionpack-5.0.7/lib/action_dispatch/middleware/templates/rescues/routing_error.html.erb within rescues/layout (205.9ms)
Started GET "/home" for 127.0.0.1 at 2018-05-06 01:34:24 +0800
  
ActionController::RoutingError (No route matches [GET] "/home"):
  
actionpack (5.0.7) lib/action_dispatch/middleware/debug_exceptions.rb:53:in `call'
web-console (3.6.2) lib/web_console/middleware.rb:135:in `call_app'
web-console (3.6.2) lib/web_console/middleware.rb:30:in `block in call'
web-console (3.6.2) lib/web_console/middleware.rb:20:in `catch'
web-console (3.6.2) lib/web_console/middleware.rb:20:in `call'
actionpack (5.0.7) lib/action_dispatch/middleware/show_exceptions.rb:31:in `call'
railties (5.0.7) lib/rails/rack/logger.rb:36:in `call_app'
railties (5.0.7) lib/rails/rack/logger.rb:24:in `block in call'
activesupport (5.0.7) lib/active_support/tagged_logging.rb:69:in `block in tagged'
activesupport (5.0.7) lib/active_support/tagged_logging.rb:26:in `tagged'
activesupport (5.0.7) lib/active_support/tagged_logging.rb:69:in `tagged'
railties (5.0.7) lib/rails/rack/logger.rb:24:in `call'
sprockets-rails (3.2.1) lib/sprockets/rails/quiet_assets.rb:13:in `call'
actionpack (5.0.7) lib/action_dispatch/middleware/request_id.rb:24:in `call'
rack (2.0.5) lib/rack/method_override.rb:22:in `call'
rack (2.0.5) lib/rack/runtime.rb:22:in `call'
activesupport (5.0.7) lib/active_support/cache/strategy/local_cache_middleware.rb:28:in `call'
actionpack (5.0.7) lib/action_dispatch/middleware/executor.rb:12:in `call'
actionpack (5.0.7) lib/action_dispatch/middleware/static.rb:136:in `call'
rack (2.0.5) lib/rack/sendfile.rb:111:in `call'
railties (5.0.7) lib/rails/engine.rb:522:in `call'
puma (3.11.4) lib/puma/configuration.rb:225:in `call'
puma (3.11.4) lib/puma/server.rb:632:in `handle_request'
puma (3.11.4) lib/puma/server.rb:446:in `process_client'
puma (3.11.4) lib/puma/server.rb:306:in `block in run'
puma (3.11.4) lib/puma/thread_pool.rb:120:in `block in spawn_thread'
  Rendering /Users/Sunny/.rbenv/versions/2.3.3/lib/ruby/gems/2.3.0/gems/actionpack-5.0.7/lib/action_dispatch/middleware/templates/rescues/routing_error.html.erb within rescues/layout
  Rendering /Users/Sunny/.rbenv/versions/2.3.3/lib/ruby/gems/2.3.0/gems/actionpack-5.0.7/lib/action_dispatch/middleware/templates/rescues/_trace.html.erb
  Rendered /Users/Sunny/.rbenv/versions/2.3.3/lib/ruby/gems/2.3.0/gems/actionpack-5.0.7/lib/action_dispatch/middleware/templates/rescues/_trace.html.erb (1.6ms)
  Rendered collection of /Users/Sunny/.rbenv/versions/2.3.3/lib/ruby/gems/2.3.0/gems/actionpack-5.0.7/lib/action_dispatch/middleware/templates/routes/_route.html.erb [1 times] (1.1ms)
  Rendered /Users/Sunny/.rbenv/versions/2.3.3/lib/ruby/gems/2.3.0/gems/actionpack-5.0.7/lib/action_dispatch/middleware/templates/routes/_table.html.erb (1.6ms)
  Rendering /Users/Sunny/.rbenv/versions/2.3.3/lib/ruby/gems/2.3.0/gems/actionpack-5.0.7/lib/action_dispatch/middleware/templates/rescues/_request_and_response.html.erb
  Rendered /Users/Sunny/.rbenv/versions/2.3.3/lib/ruby/gems/2.3.0/gems/actionpack-5.0.7/lib/action_dispatch/middleware/templates/rescues/_request_and_response.html.erb (1.6ms)
  Rendered /Users/Sunny/.rbenv/versions/2.3.3/lib/ruby/gems/2.3.0/gems/actionpack-5.0.7/lib/action_dispatch/middleware/templates/rescues/routing_error.html.erb within rescues/layout (175.7ms)
Started GET "/home/index" for 127.0.0.1 at 2018-05-06 01:34:46 +0800
Processing by HomeController#index as HTML
  Rendering home/index.html.erb within layouts/application
  Rendered home/index.html.erb within layouts/application (0.6ms)
Completed 200 OK in 1466ms (Views: 1461.6ms | ActiveRecord: 0.0ms)


Started GET "/home/index" for 127.0.0.1 at 2018-05-06 01:42:42 +0800
Processing by HomeController#index as HTML
  Rendering home/index.html.erb within layouts/application
  Rendered home/index.html.erb within layouts/application (2.3ms)
Completed 200 OK in 340ms (Views: 320.3ms | ActiveRecord: 0.0ms)


Started GET "/" for 127.0.0.1 at 2018-05-06 01:42:47 +0800
Processing by HomeController#index as HTML
  Rendering home/index.html.erb within layouts/application
  Rendered home/index.html.erb within layouts/application (0.5ms)
Completed 200 OK in 28ms (Views: 25.6ms | ActiveRecord: 0.0ms)


Started GET "/" for 127.0.0.1 at 2018-05-06 01:42:50 +0800
Processing by HomeController#index as HTML
  Rendering home/index.html.erb within layouts/application
  Rendered home/index.html.erb within layouts/application (0.4ms)
Completed 200 OK in 29ms (Views: 26.4ms | ActiveRecord: 0.0ms)


Started GET "/" for 127.0.0.1 at 2018-05-06 01:42:52 +0800
Processing by HomeController#index as HTML
  Rendering home/index.html.erb within layouts/application
  Rendered home/index.html.erb within layouts/application (0.7ms)
Completed 200 OK in 30ms (Views: 27.4ms | ActiveRecord: 0.0ms)


Started GET "/" for 127.0.0.1 at 2018-05-06 01:43:23 +0800
Processing by HomeController#index as HTML
  Rendering home/index.html.erb within layouts/application
  Rendered home/index.html.erb within layouts/application (1.2ms)
Completed 200 OK in 55ms (Views: 50.8ms | ActiveRecord: 0.0ms)


Started GET "/" for 127.0.0.1 at 2018-05-06 01:47:57 +0800
Processing by HomeController#index as HTML
  Rendering home/index.html.erb within layouts/application
  Rendered home/index.html.erb within layouts/application (2.5ms)
Completed 200 OK in 330ms (Views: 315.5ms | ActiveRecord: 0.0ms)


Started GET "/home/index" for 127.0.0.1 at 2018-05-06 01:48:02 +0800
  
ActionController::RoutingError (No route matches [GET] "/home/index"):
  
actionpack (5.0.7) lib/action_dispatch/middleware/debug_exceptions.rb:53:in `call'
web-console (3.6.2) lib/web_console/middleware.rb:135:in `call_app'
web-console (3.6.2) lib/web_console/middleware.rb:30:in `block in call'
web-console (3.6.2) lib/web_console/middleware.rb:20:in `catch'
web-console (3.6.2) lib/web_console/middleware.rb:20:in `call'
actionpack (5.0.7) lib/action_dispatch/middleware/show_exceptions.rb:31:in `call'
railties (5.0.7) lib/rails/rack/logger.rb:36:in `call_app'
railties (5.0.7) lib/rails/rack/logger.rb:24:in `block in call'
activesupport (5.0.7) lib/active_support/tagged_logging.rb:69:in `block in tagged'
activesupport (5.0.7) lib/active_support/tagged_logging.rb:26:in `tagged'
activesupport (5.0.7) lib/active_support/tagged_logging.rb:69:in `tagged'
railties (5.0.7) lib/rails/rack/logger.rb:24:in `call'
sprockets-rails (3.2.1) lib/sprockets/rails/quiet_assets.rb:13:in `call'
actionpack (5.0.7) lib/action_dispatch/middleware/request_id.rb:24:in `call'
rack (2.0.5) lib/rack/method_override.rb:22:in `call'
rack (2.0.5) lib/rack/runtime.rb:22:in `call'
activesupport (5.0.7) lib/active_support/cache/strategy/local_cache_middleware.rb:28:in `call'
actionpack (5.0.7) lib/action_dispatch/middleware/executor.rb:12:in `call'
actionpack (5.0.7) lib/action_dispatch/middleware/static.rb:136:in `call'
rack (2.0.5) lib/rack/sendfile.rb:111:in `call'
railties (5.0.7) lib/rails/engine.rb:522:in `call'
puma (3.11.4) lib/puma/configuration.rb:225:in `call'
puma (3.11.4) lib/puma/server.rb:632:in `handle_request'
puma (3.11.4) lib/puma/server.rb:446:in `process_client'
puma (3.11.4) lib/puma/server.rb:306:in `block in run'
puma (3.11.4) lib/puma/thread_pool.rb:120:in `block in spawn_thread'
  Rendering /Users/Sunny/.rbenv/versions/2.3.3/lib/ruby/gems/2.3.0/gems/actionpack-5.0.7/lib/action_dispatch/middleware/templates/rescues/routing_error.html.erb within rescues/layout
  Rendering /Users/Sunny/.rbenv/versions/2.3.3/lib/ruby/gems/2.3.0/gems/actionpack-5.0.7/lib/action_dispatch/middleware/templates/rescues/_trace.html.erb
  Rendered /Users/Sunny/.rbenv/versions/2.3.3/lib/ruby/gems/2.3.0/gems/actionpack-5.0.7/lib/action_dispatch/middleware/templates/rescues/_trace.html.erb (1.3ms)
  Rendered collection of /Users/Sunny/.rbenv/versions/2.3.3/lib/ruby/gems/2.3.0/gems/actionpack-5.0.7/lib/action_dispatch/middleware/templates/routes/_route.html.erb [1 times] (1.8ms)
  Rendered /Users/Sunny/.rbenv/versions/2.3.3/lib/ruby/gems/2.3.0/gems/actionpack-5.0.7/lib/action_dispatch/middleware/templates/routes/_table.html.erb (14.6ms)
  Rendering /Users/Sunny/.rbenv/versions/2.3.3/lib/ruby/gems/2.3.0/gems/actionpack-5.0.7/lib/action_dispatch/middleware/templates/rescues/_request_and_response.html.erb
  Rendered /Users/Sunny/.rbenv/versions/2.3.3/lib/ruby/gems/2.3.0/gems/actionpack-5.0.7/lib/action_dispatch/middleware/templates/rescues/_request_and_response.html.erb (1.4ms)
  Rendered /Users/Sunny/.rbenv/versions/2.3.3/lib/ruby/gems/2.3.0/gems/actionpack-5.0.7/lib/action_dispatch/middleware/templates/rescues/routing_error.html.erb within rescues/layout (208.2ms)
Started GET "/" for 127.0.0.1 at 2018-05-06 23:07:00 +0800
Processing by HomeController#index as HTML
  Rendering home/index.html.erb within layouts/application
  Rendered home/index.html.erb within layouts/application (4.1ms)
Completed 200 OK in 363ms (Views: 344.3ms | ActiveRecord: 0.0ms)


Started GET "/home/index" for 127.0.0.1 at 2018-05-06 23:07:07 +0800
  
ActionController::RoutingError (No route matches [GET] "/home/index"):
  
actionpack (5.0.7) lib/action_dispatch/middleware/debug_exceptions.rb:53:in `call'
web-console (3.6.2) lib/web_console/middleware.rb:135:in `call_app'
web-console (3.6.2) lib/web_console/middleware.rb:30:in `block in call'
web-console (3.6.2) lib/web_console/middleware.rb:20:in `catch'
web-console (3.6.2) lib/web_console/middleware.rb:20:in `call'
actionpack (5.0.7) lib/action_dispatch/middleware/show_exceptions.rb:31:in `call'
railties (5.0.7) lib/rails/rack/logger.rb:36:in `call_app'
railties (5.0.7) lib/rails/rack/logger.rb:24:in `block in call'
activesupport (5.0.7) lib/active_support/tagged_logging.rb:69:in `block in tagged'
activesupport (5.0.7) lib/active_support/tagged_logging.rb:26:in `tagged'
activesupport (5.0.7) lib/active_support/tagged_logging.rb:69:in `tagged'
railties (5.0.7) lib/rails/rack/logger.rb:24:in `call'
sprockets-rails (3.2.1) lib/sprockets/rails/quiet_assets.rb:13:in `call'
actionpack (5.0.7) lib/action_dispatch/middleware/request_id.rb:24:in `call'
rack (2.0.5) lib/rack/method_override.rb:22:in `call'
rack (2.0.5) lib/rack/runtime.rb:22:in `call'
activesupport (5.0.7) lib/active_support/cache/strategy/local_cache_middleware.rb:28:in `call'
actionpack (5.0.7) lib/action_dispatch/middleware/executor.rb:12:in `call'
actionpack (5.0.7) lib/action_dispatch/middleware/static.rb:136:in `call'
rack (2.0.5) lib/rack/sendfile.rb:111:in `call'
railties (5.0.7) lib/rails/engine.rb:522:in `call'
puma (3.11.4) lib/puma/configuration.rb:225:in `call'
puma (3.11.4) lib/puma/server.rb:632:in `handle_request'
puma (3.11.4) lib/puma/server.rb:446:in `process_client'
puma (3.11.4) lib/puma/server.rb:306:in `block in run'
puma (3.11.4) lib/puma/thread_pool.rb:120:in `block in spawn_thread'
  Rendering /Users/Sunny/.rbenv/versions/2.3.3/lib/ruby/gems/2.3.0/gems/actionpack-5.0.7/lib/action_dispatch/middleware/templates/rescues/routing_error.html.erb within rescues/layout
  Rendering /Users/Sunny/.rbenv/versions/2.3.3/lib/ruby/gems/2.3.0/gems/actionpack-5.0.7/lib/action_dispatch/middleware/templates/rescues/_trace.html.erb
  Rendered /Users/Sunny/.rbenv/versions/2.3.3/lib/ruby/gems/2.3.0/gems/actionpack-5.0.7/lib/action_dispatch/middleware/templates/rescues/_trace.html.erb (1.6ms)
  Rendered collection of /Users/Sunny/.rbenv/versions/2.3.3/lib/ruby/gems/2.3.0/gems/actionpack-5.0.7/lib/action_dispatch/middleware/templates/routes/_route.html.erb [2 times] (17.2ms)
  Rendered /Users/Sunny/.rbenv/versions/2.3.3/lib/ruby/gems/2.3.0/gems/actionpack-5.0.7/lib/action_dispatch/middleware/templates/routes/_table.html.erb (15.5ms)
  Rendering /Users/Sunny/.rbenv/versions/2.3.3/lib/ruby/gems/2.3.0/gems/actionpack-5.0.7/lib/action_dispatch/middleware/templates/rescues/_request_and_response.html.erb
  Rendered /Users/Sunny/.rbenv/versions/2.3.3/lib/ruby/gems/2.3.0/gems/actionpack-5.0.7/lib/action_dispatch/middleware/templates/rescues/_request_and_response.html.erb (1.7ms)
  Rendered /Users/Sunny/.rbenv/versions/2.3.3/lib/ruby/gems/2.3.0/gems/actionpack-5.0.7/lib/action_dispatch/middleware/templates/rescues/routing_error.html.erb within rescues/layout (227.0ms)
Started GET "/home/about" for 127.0.0.1 at 2018-05-06 23:07:12 +0800
Processing by HomeController#about as HTML
  Rendering home/about.html.erb within layouts/application
  Rendered home/about.html.erb within layouts/application (0.5ms)
Completed 200 OK in 49ms (Views: 44.7ms | ActiveRecord: 0.0ms)


Started GET "/" for 127.0.0.1 at 2018-05-06 23:13:24 +0800
Processing by HomeController#index as HTML
  Rendering home/index.html.erb within layouts/application
  Rendered home/index.html.erb within layouts/application (4.1ms)
Completed 200 OK in 434ms (Views: 411.4ms | ActiveRecord: 0.0ms)


